Started GET "/" for 127.0.0.1 at 2019-11-03 15:46:47 +0900
  
ActiveRecord::NoDatabaseError (Unknown database 'freemarket_46nagoya_development'):
  
activerecord (5.0.7.1) lib/active_record/connection_adapters/mysql2_adapter.rb:29:in `rescue in mysql2_connection'
activerecord (5.0.7.1) lib/active_record/connection_adapters/mysql2_adapter.rb:12:in `mysql2_connection'
activerecord (5.0.7.1) lib/active_record/connection_adapters/abstract/connection_pool.rb:729:in `new_connection'
activerecord (5.0.7.1) lib/active_record/connection_adapters/abstract/connection_pool.rb:773:in `checkout_new_connection'
activerecord (5.0.7.1) lib/active_record/connection_adapters/abstract/connection_pool.rb:752:in `try_to_checkout_new_connection'
activerecord (5.0.7.1) lib/active_record/connection_adapters/abstract/connection_pool.rb:713:in `acquire_connection'
activerecord (5.0.7.1) lib/active_record/connection_adapters/abstract/connection_pool.rb:490:in `checkout'
activerecord (5.0.7.1) lib/active_record/connection_adapters/abstract/connection_pool.rb:364:in `connection'
activerecord (5.0.7.1) lib/active_record/connection_adapters/abstract/connection_pool.rb:883:in `retrieve_connection'
activerecord (5.0.7.1) lib/active_record/connection_handling.rb:128:in `retrieve_connection'
activerecord (5.0.7.1) lib/active_record/connection_handling.rb:91:in `connection'
activerecord (5.0.7.1) lib/active_record/migration.rb:559:in `connection'
activerecord (5.0.7.1) lib/active_record/migration.rb:546:in `call'
actionpack (5.0.7.1) lib/action_dispatch/middleware/callbacks.rb:38:in `block in call'
activesupport (5.0.7.1) lib/active_support/callbacks.rb:97:in `__run_callbacks__'
activesupport (5.0.7.1) lib/active_support/callbacks.rb:750:in `_run_call_callbacks'
activesupport (5.0.7.1) lib/active_support/callbacks.rb:90:in `run_callbacks'
actionpack (5.0.7.1) lib/action_dispatch/middleware/callbacks.rb:36:in `call'
actionpack (5.0.7.1) lib/action_dispatch/middleware/executor.rb:12:in `call'
actionpack (5.0.7.1) lib/action_dispatch/middleware/remote_ip.rb:79:in `call'
actionpack (5.0.7.1) lib/action_dispatch/middleware/debug_exceptions.rb:49:in `call'
web-console (3.7.0) lib/web_console/middleware.rb:135:in `call_app'
web-console (3.7.0) lib/web_console/middleware.rb:30:in `block in call'
web-console (3.7.0) lib/web_console/middleware.rb:20:in `catch'
web-console (3.7.0) lib/web_console/middleware.rb:20:in `call'
actionpack (5.0.7.1) lib/action_dispatch/middleware/show_exceptions.rb:31:in `call'
railties (5.0.7.1) lib/rails/rack/logger.rb:36:in `call_app'
railties (5.0.7.1) lib/rails/rack/logger.rb:24:in `block in call'
activesupport (5.0.7.1) lib/active_support/tagged_logging.rb:69:in `block in tagged'
activesupport (5.0.7.1) lib/active_support/tagged_logging.rb:26:in `tagged'
activesupport (5.0.7.1) lib/active_support/tagged_logging.rb:69:in `tagged'
railties (5.0.7.1) lib/rails/rack/logger.rb:24:in `call'
sprockets-rails (3.2.1) lib/sprockets/rails/quiet_assets.rb:13:in `call'
actionpack (5.0.7.1) lib/action_dispatch/middleware/request_id.rb:24:in `call'
rack (2.0.6) lib/rack/method_override.rb:22:in `call'
rack (2.0.6) lib/rack/runtime.rb:22:in `call'
activesupport (5.0.7.1) lib/active_support/cache/strategy/local_cache_middleware.rb:28:in `call'
actionpack (5.0.7.1) lib/action_dispatch/middleware/executor.rb:12:in `call'
actionpack (5.0.7.1) lib/action_dispatch/middleware/static.rb:136:in `call'
rack (2.0.6) lib/rack/sendfile.rb:111:in `call'
railties (5.0.7.1) lib/rails/engine.rb:522:in `call'
puma (3.12.0) lib/puma/configuration.rb:225:in `call'
puma (3.12.0) lib/puma/server.rb:658:in `handle_request'
puma (3.12.0) lib/puma/server.rb:472:in `process_client'
puma (3.12.0) lib/puma/server.rb:332:in `block in run'
puma (3.12.0) lib/puma/thread_pool.rb:133:in `block in spawn_thread'
  Rendering /Users/user/.rbenv/versions/2.4.1/lib/ruby/gems/2.4.0/gems/actionpack-5.0.7.1/lib/action_dispatch/middleware/templates/rescues/diagnostics.html.erb within rescues/layout
  Rendering /Users/user/.rbenv/versions/2.4.1/lib/ruby/gems/2.4.0/gems/actionpack-5.0.7.1/lib/action_dispatch/middleware/templates/rescues/_source.html.erb
  Rendered /Users/user/.rbenv/versions/2.4.1/lib/ruby/gems/2.4.0/gems/actionpack-5.0.7.1/lib/action_dispatch/middleware/templates/rescues/_source.html.erb (3.3ms)
  Rendering /Users/user/.rbenv/versions/2.4.1/lib/ruby/gems/2.4.0/gems/actionpack-5.0.7.1/lib/action_dispatch/middleware/templates/rescues/_trace.html.erb
  Rendered /Users/user/.rbenv/versions/2.4.1/lib/ruby/gems/2.4.0/gems/actionpack-5.0.7.1/lib/action_dispatch/middleware/templates/rescues/_trace.html.erb (1.4ms)
  Rendering /Users/user/.rbenv/versions/2.4.1/lib/ruby/gems/2.4.0/gems/actionpack-5.0.7.1/lib/action_dispatch/middleware/templates/rescues/_request_and_response.html.erb
  Rendered /Users/user/.rbenv/versions/2.4.1/lib/ruby/gems/2.4.0/gems/actionpack-5.0.7.1/lib/action_dispatch/middleware/templates/rescues/_request_and_response.html.erb (0.8ms)
  Rendered /Users/user/.rbenv/versions/2.4.1/lib/ruby/gems/2.4.0/gems/actionpack-5.0.7.1/lib/action_dispatch/middleware/templates/rescues/diagnostics.html.erb within rescues/layout (95.9ms)
  [1m[35m (46.4ms)[0m  [1m[35mCREATE TABLE `schema_migrations` (`version` varchar(255) PRIMARY KEY) ENGINE=InnoDB[0m
  [1m[35m (44.5ms)[0m  [1m[35mCREATE TABLE `ar_internal_metadata` (`key` varchar(255) PRIMARY KEY, `value` varchar(255), `created_at` datetime NOT NULL, `updated_at` datetime NOT NULL) ENGINE=InnoDB[0m
  [1m[35m (0.2ms)[0m  [1m[34mSELECT DATABASE() as db[0m
  [1m[35m (0.2ms)[0m  [1m[34mSELECT GET_LOCK('8752340796412543155', 0);[0m
  [1m[36mActiveRecord::SchemaMigration Load (0.4ms)[0m  [1m[34mSELECT `schema_migrations`.* FROM `schema_migrations`[0m
Migrating to CreateItems (20190308061718)
  [1m[35m (39.2ms)[0m  [1m[35mCREATE TABLE `items` (`id` int AUTO_INCREMENT PRIMARY KEY, `name` varchar(255), `price` int, `explain` text, `postage` int, `region` varchar(255), `state` varchar(255), `shipping_date` date, `size` int, `brand_id` int, `category_id` int, `created_at` datetime NOT NULL, `updated_at` datetime NOT NULL,  INDEX `index_items_on_name`  (`name`),  INDEX `index_items_on_price`  (`price`)) ENGINE=InnoDB[0m
  [1m[35m (0.1ms)[0m  [1m[35mBEGIN[0m
  [1m[35mSQL (0.2ms)[0m  [1m[32mINSERT INTO `schema_migrations` (`version`) VALUES ('20190308061718')[0m
  [1m[35m (0.3ms)[0m  [1m[35mCOMMIT[0m
Migrating to CreateItemImages (20190308063933)
  [1m[35m (14.3ms)[0m  [1m[35mCREATE TABLE `item_images` (`id` int AUTO_INCREMENT PRIMARY KEY, `image` varchar(255), `item_id` int, `created_at` datetime NOT NULL, `updated_at` datetime NOT NULL) ENGINE=InnoDB[0m
  [1m[35m (0.2ms)[0m  [1m[35mBEGIN[0m
  [1m[35mSQL (0.3ms)[0m  [1m[32mINSERT INTO `schema_migrations` (`version`) VALUES ('20190308063933')[0m
  [1m[35m (0.4ms)[0m  [1m[35mCOMMIT[0m
Migrating to DeviseCreateUsers (20190308081231)
  [1m[35m (14.5ms)[0m  [1m[35mCREATE TABLE `users` (`id` int AUTO_INCREMENT PRIMARY KEY, `email` varchar(255) DEFAULT '' NOT NULL, `encrypted_password` varchar(255) DEFAULT '' NOT NULL, `nickname` varchar(255), `avatar` varchar(255), `profile_text` text, `reset_password_token` varchar(255), `reset_password_sent_at` datetime, `remember_created_at` datetime, `created_at` datetime NOT NULL, `updated_at` datetime NOT NULL) ENGINE=InnoDB[0m
  [1m[35m (18.8ms)[0m  [1m[35mCREATE UNIQUE INDEX `index_users_on_email`  ON `users` (`email`) [0m
  [1m[35m (11.9ms)[0m  [1m[35mCREATE UNIQUE INDEX `index_users_on_reset_password_token`  ON `users` (`reset_password_token`) [0m
  [1m[35m (0.1ms)[0m  [1m[35mBEGIN[0m
  [1m[35mSQL (0.2ms)[0m  [1m[32mINSERT INTO `schema_migrations` (`version`) VALUES ('20190308081231')[0m
  [1m[35m (0.2ms)[0m  [1m[35mCOMMIT[0m
Migrating to CreateAddresses (20190312072610)
  [1m[35m (13.7ms)[0m  [1m[35mCREATE TABLE `addresses` (`id` int AUTO_INCREMENT PRIMARY KEY, `user_id` int, `prefecture_id` int, `post_number` int, `city` varchar(255), `town` varchar(255), `building` varchar(255), `created_at` datetime NOT NULL, `updated_at` datetime NOT NULL,  INDEX `index_addresses_on_user_id`  (`user_id`), CONSTRAINT `fk_rails_48c9e0c5a2`
FOREIGN KEY (`user_id`)
  REFERENCES `users` (`id`)
) ENGINE=InnoDB[0m
  [1m[35m (0.1ms)[0m  [1m[35mBEGIN[0m
  [1m[35mSQL (0.2ms)[0m  [1m[32mINSERT INTO `schema_migrations` (`version`) VALUES ('20190312072610')[0m
  [1m[35m (0.2ms)[0m  [1m[35mCOMMIT[0m
Migrating to AddCardTokenToUser (20190315074941)
  [1m[35m (22.4ms)[0m  [1m[35mALTER TABLE `users` ADD `card_token` varchar(255)[0m
  [1m[35m (0.1ms)[0m  [1m[35mBEGIN[0m
  [1m[35mSQL (0.3ms)[0m  [1m[32mINSERT INTO `schema_migrations` (`version`) VALUES ('20190315074941')[0m
  [1m[35m (0.3ms)[0m  [1m[35mCOMMIT[0m
Migrating to AddCustomerIdToUser (20190315145532)
  [1m[35m (18.7ms)[0m  [1m[35mALTER TABLE `users` ADD `customer_id` varchar(255)[0m
  [1m[35m (0.2ms)[0m  [1m[35mBEGIN[0m
  [1m[35mSQL (0.2ms)[0m  [1m[32mINSERT INTO `schema_migrations` (`version`) VALUES ('20190315145532')[0m
  [1m[35m (0.3ms)[0m  [1m[35mCOMMIT[0m
Migrating to CreateCategories (20190317031202)
  [1m[35m (12.8ms)[0m  [1m[35mCREATE TABLE `categories` (`id` int AUTO_INCREMENT PRIMARY KEY, `main_category_id` int, `sub_category_id` int, `size` int, `brand` int, `name` varchar(255) NOT NULL, `created_at` datetime NOT NULL, `updated_at` datetime NOT NULL,  INDEX `index_categories_on_main_category_id`  (`main_category_id`),  INDEX `index_categories_on_sub_category_id`  (`sub_category_id`)) ENGINE=InnoDB[0m
  [1m[35m (0.2ms)[0m  [1m[35mBEGIN[0m
  [1m[35mSQL (0.3ms)[0m  [1m[32mINSERT INTO `schema_migrations` (`version`) VALUES ('20190317031202')[0m
  [1m[35m (0.3ms)[0m  [1m[35mCOMMIT[0m
Migrating to AddColumnToItem (20190317120526)
  [1m[35m (22.8ms)[0m  [1m[35mALTER TABLE `items` ADD `user_id` int[0m
  [1m[35m (0.1ms)[0m  [1m[35mBEGIN[0m
  [1m[35mSQL (0.2ms)[0m  [1m[32mINSERT INTO `schema_migrations` (`version`) VALUES ('20190317120526')[0m
  [1m[35m (0.2ms)[0m  [1m[35mCOMMIT[0m
Migrating to ChangeColumnToItem3 (20190318031016)
  [1m[35m (17.9ms)[0m  [1m[35mALTER TABLE `items` ADD `buyer_id` int[0m
  [1m[35m (16.9ms)[0m  [1m[35mALTER TABLE `items` ADD `business_stats` int[0m
  [1m[35m (0.1ms)[0m  [1m[35mBEGIN[0m
  [1m[35mSQL (0.4ms)[0m  [1m[32mINSERT INTO `schema_migrations` (`version`) VALUES ('20190318031016')[0m
  [1m[35m (0.2ms)[0m  [1m[35mCOMMIT[0m
Migrating to AddDepthToCategories (20190318043303)
  [1m[35m (17.7ms)[0m  [1m[35mALTER TABLE `categories` ADD `depth` int[0m
  [1m[35m (0.1ms)[0m  [1m[35mBEGIN[0m
  [1m[35mSQL (0.2ms)[0m  [1m[32mINSERT INTO `schema_migrations` (`version`) VALUES ('20190318043303')[0m
  [1m[35m (0.3ms)[0m  [1m[35mCOMMIT[0m
Migrating to ChangeColumnToItem (20190319061331)
  [1m[35m (20.2ms)[0m  [1m[35mALTER TABLE `items` CHANGE `state` `state` int DEFAULT 0[0m
  [1m[35m (13.9ms)[0m  [1m[35mALTER TABLE `items` CHANGE `postage` `postage` int DEFAULT 0[0m
  [1m[35m (19.2ms)[0m  [1m[35mALTER TABLE `items` CHANGE `shipping_date` `shipping_date` int DEFAULT 0[0m
  [1m[35m (18.8ms)[0m  [1m[35mALTER TABLE `items` ADD `shipping_way` int DEFAULT 0[0m
  [1m[35m (0.1ms)[0m  [1m[35mBEGIN[0m
  [1m[35mSQL (0.2ms)[0m  [1m[32mINSERT INTO `schema_migrations` (`version`) VALUES ('20190319061331')[0m
  [1m[35m (0.3ms)[0m  [1m[35mCOMMIT[0m
Migrating to AddCategoryToItems (20190320035839)
  [1m[35m (19.3ms)[0m  [1m[35mALTER TABLE `items` DROP `category_id`[0m
  [1m[35m (0.1ms)[0m  [1m[35mBEGIN[0m
  [1m[35mSQL (0.2ms)[0m  [1m[32mINSERT INTO `schema_migrations` (`version`) VALUES ('20190320035839')[0m
  [1m[35m (0.3ms)[0m  [1m[35mCOMMIT[0m
Migrating to ChangeCategoryToItems (20190320040354)
  [1m[35m (18.1ms)[0m  [1m[35mALTER TABLE `items` ADD `category_id` int[0m
  [1m[35m (15.9ms)[0m  [1m[35mCREATE  INDEX `index_items_on_category_id`  ON `items` (`category_id`) [0m
  [1m[35m (20.2ms)[0m  [1m[35mALTER TABLE `items` ADD CONSTRAINT `fk_rails_89fb86dc8b`
FOREIGN KEY (`category_id`)
  REFERENCES `categories` (`id`)
[0m
  [1m[35m (0.1ms)[0m  [1m[35mBEGIN[0m
  [1m[35mSQL (0.2ms)[0m  [1m[32mINSERT INTO `schema_migrations` (`version`) VALUES ('20190320040354')[0m
  [1m[35m (0.2ms)[0m  [1m[35mCOMMIT[0m
Migrating to AddChildCategoryToItems (20190320040622)
  [1m[35m (20.2ms)[0m  [1m[35mALTER TABLE `items` ADD `child_category_id` int[0m
  [1m[35m (16.8ms)[0m  [1m[35mCREATE  INDEX `index_items_on_child_category_id`  ON `items` (`child_category_id`) [0m
  [1m[35m (24.3ms)[0m  [1m[35mALTER TABLE `items` ADD `grand_child_category_id` int[0m
  [1m[35m (14.0ms)[0m  [1m[35mCREATE  INDEX `index_items_on_grand_child_category_id`  ON `items` (`grand_child_category_id`) [0m
  [1m[35m (0.1ms)[0m  [1m[35mBEGIN[0m
  [1m[35mSQL (0.2ms)[0m  [1m[32mINSERT INTO `schema_migrations` (`version`) VALUES ('20190320040622')[0m
  [1m[35m (0.2ms)[0m  [1m[35mCOMMIT[0m
Migrating to AddOmniauthToUsers (20190322082500)
  [1m[35m (20.3ms)[0m  [1m[35mALTER TABLE `users` ADD `provider` varchar(255)[0m
  [1m[35m (17.1ms)[0m  [1m[35mALTER TABLE `users` ADD `uid` varchar(255)[0m
  [1m[35m (0.1ms)[0m  [1m[35mBEGIN[0m
  [1m[35mSQL (0.2ms)[0m  [1m[32mINSERT INTO `schema_migrations` (`version`) VALUES ('20190322082500')[0m
  [1m[35m (0.3ms)[0m  [1m[35mCOMMIT[0m
Migrating to CreateLikes (20190323050037)
  [1m[35m (14.2ms)[0m  [1m[35mCREATE TABLE `likes` (`id` int AUTO_INCREMENT PRIMARY KEY, `user_id` int, `item_id` int, `created_at` datetime NOT NULL, `updated_at` datetime NOT NULL,  INDEX `index_likes_on_user_id`  (`user_id`),  INDEX `index_likes_on_item_id`  (`item_id`), CONSTRAINT `fk_rails_1e09b5dabf`
FOREIGN KEY (`user_id`)
  REFERENCES `users` (`id`)
, CONSTRAINT `fk_rails_00045f60f7`
FOREIGN KEY (`item_id`)
  REFERENCES `items` (`id`)
) ENGINE=InnoDB[0m
  [1m[35m (0.1ms)[0m  [1m[35mBEGIN[0m
  [1m[35mSQL (0.1ms)[0m  [1m[32mINSERT INTO `schema_migrations` (`version`) VALUES ('20190323050037')[0m
  [1m[35m (0.2ms)[0m  [1m[35mCOMMIT[0m
Migrating to AddLikescountToItem (20190323051341)
  [1m[35m (18.3ms)[0m  [1m[35mALTER TABLE `items` ADD `likes_count` int[0m
  [1m[35m (0.2ms)[0m  [1m[35mBEGIN[0m
  [1m[35mSQL (0.2ms)[0m  [1m[32mINSERT INTO `schema_migrations` (`version`) VALUES ('20190323051341')[0m
  [1m[35m (0.2ms)[0m  [1m[35mCOMMIT[0m
Migrating to AddColumnToItems (20190323052516)
  [1m[35m (0.1ms)[0m  [1m[35mBEGIN[0m
  [1m[35mSQL (0.2ms)[0m  [1m[32mINSERT INTO `schema_migrations` (`version`) VALUES ('20190323052516')[0m
  [1m[35m (0.3ms)[0m  [1m[35mCOMMIT[0m
Migrating to CreateComments (20190323104550)
  [1m[35m (12.6ms)[0m  [1m[35mCREATE TABLE `comments` (`id` int AUTO_INCREMENT PRIMARY KEY, `user_id` int, `item_id` int, `comment` text NOT NULL, `created_at` datetime NOT NULL, `updated_at` datetime NOT NULL,  INDEX `index_comments_on_user_id`  (`user_id`),  INDEX `index_comments_on_item_id`  (`item_id`), CONSTRAINT `fk_rails_03de2dc08c`
FOREIGN KEY (`user_id`)
  REFERENCES `users` (`id`)
, CONSTRAINT `fk_rails_7bdc86a126`
FOREIGN KEY (`item_id`)
  REFERENCES `items` (`id`)
) ENGINE=InnoDB[0m
  [1m[35m (0.1ms)[0m  [1m[35mBEGIN[0m
  [1m[35mSQL (0.1ms)[0m  [1m[32mINSERT INTO `schema_migrations` (`version`) VALUES ('20190323104550')[0m
  [1m[35m (0.2ms)[0m  [1m[35mCOMMIT[0m
Migrating to AddColumnToComment (20190323110535)
  [1m[35m (19.8ms)[0m  [1m[35mALTER TABLE `comments` ADD `delete` int[0m
  [1m[35m (0.1ms)[0m  [1m[35mBEGIN[0m
  [1m[35mSQL (0.2ms)[0m  [1m[32mINSERT INTO `schema_migrations` (`version`) VALUES ('20190323110535')[0m
  [1m[35m (0.3ms)[0m  [1m[35mCOMMIT[0m
Migrating to RenameDeleteColumnToComments (20190323122519)
  [1m[35m (16.5ms)[0m  [1m[35mALTER TABLE `comments` CHANGE `delete` `no_comment` int(11)[0m
  [1m[35m (0.2ms)[0m  [1m[35mBEGIN[0m
  [1m[35mSQL (0.2ms)[0m  [1m[32mINSERT INTO `schema_migrations` (`version`) VALUES ('20190323122519')[0m
  [1m[35m (0.3ms)[0m  [1m[35mCOMMIT[0m
Migrating to RenameCommentColumnToComments (20190323130158)
  [1m[35m (17.2ms)[0m  [1m[35mALTER TABLE `comments` CHANGE `comment` `text` text NOT NULL[0m
  [1m[35m (0.1ms)[0m  [1m[35mBEGIN[0m
  [1m[35mSQL (0.2ms)[0m  [1m[32mINSERT INTO `schema_migrations` (`version`) VALUES ('20190323130158')[0m
  [1m[35m (0.3ms)[0m  [1m[35mCOMMIT[0m
Migrating to CreateProfiles (20190324120158)
  [1m[35m (17.4ms)[0m  [1m[35mCREATE TABLE `profiles` (`id` int AUTO_INCREMENT PRIMARY KEY, `first_name` varchar(255), `last_name` varchar(255), `first_name_kana` varchar(255), `last_name_kana` varchar(255), `birth_year` int, `birth_month` int, `birth_day` int, `phone_number` int, `profile_text` text, `user_id` int, `created_at` datetime NOT NULL, `updated_at` datetime NOT NULL,  INDEX `index_profiles_on_user_id`  (`user_id`), CONSTRAINT `fk_rails_e424190865`
FOREIGN KEY (`user_id`)
  REFERENCES `users` (`id`)
) ENGINE=InnoDB[0m
  [1m[35m (0.1ms)[0m  [1m[35mBEGIN[0m
  [1m[35mSQL (0.2ms)[0m  [1m[32mINSERT INTO `schema_migrations` (`version`) VALUES ('20190324120158')[0m
  [1m[35m (0.2ms)[0m  [1m[35mCOMMIT[0m
Migrating to RemoveColumnFromUser (20190324120805)
  [1m[35m (17.2ms)[0m  [1m[35mALTER TABLE `users` DROP `profile_text`[0m
  [1m[35m (0.1ms)[0m  [1m[35mBEGIN[0m
  [1m[35mSQL (0.2ms)[0m  [1m[32mINSERT INTO `schema_migrations` (`version`) VALUES ('20190324120805')[0m
  [1m[35m (0.2ms)[0m  [1m[35mCOMMIT[0m
Migrating to AddColumnToAddresses (20190324122303)
  [1m[35m (17.5ms)[0m  [1m[35mALTER TABLE `addresses` ADD `phone_number` int[0m
  [1m[35m (0.1ms)[0m  [1m[35mBEGIN[0m
  [1m[35mSQL (0.2ms)[0m  [1m[32mINSERT INTO `schema_migrations` (`version`) VALUES ('20190324122303')[0m
  [1m[35m (0.3ms)[0m  [1m[35mCOMMIT[0m
Migrating to ChangeColumns (20190325034608)
  [1m[35m (19.9ms)[0m  [1m[35mALTER TABLE `profiles` DROP `profile_text`[0m
  [1m[35m (18.1ms)[0m  [1m[35mALTER TABLE `users` ADD `profile_text` text[0m
  [1m[35m (0.1ms)[0m  [1m[35mBEGIN[0m
  [1m[35mSQL (0.2ms)[0m  [1m[32mINSERT INTO `schema_migrations` (`version`) VALUES ('20190325034608')[0m
  [1m[35m (0.2ms)[0m  [1m[35mCOMMIT[0m
Migrating to CreateBrands (20190325103022)
  [1m[35m (14.4ms)[0m  [1m[35mCREATE TABLE `brands` (`id` int AUTO_INCREMENT PRIMARY KEY, `name` varchar(255) NOT NULL, `created_at` datetime NOT NULL, `updated_at` datetime NOT NULL) ENGINE=InnoDB[0m
  [1m[35m (0.3ms)[0m  [1m[35mBEGIN[0m
  [1m[35mSQL (0.3ms)[0m  [1m[32mINSERT INTO `schema_migrations` (`version`) VALUES ('20190325103022')[0m
  [1m[35m (0.3ms)[0m  [1m[35mCOMMIT[0m
Migrating to CreateCategoryBrands (20190326034338)
  [1m[35m (14.5ms)[0m  [1m[35mCREATE TABLE `category_brands` (`id` int AUTO_INCREMENT PRIMARY KEY, `category_id` int, `brand_id` int, `created_at` datetime NOT NULL, `updated_at` datetime NOT NULL,  INDEX `index_category_brands_on_category_id`  (`category_id`),  INDEX `index_category_brands_on_brand_id`  (`brand_id`), CONSTRAINT `fk_rails_d8427bd4b9`
FOREIGN KEY (`category_id`)
  REFERENCES `categories` (`id`)
, CONSTRAINT `fk_rails_6ef0d31d9d`
FOREIGN KEY (`brand_id`)
  REFERENCES `brands` (`id`)
) ENGINE=InnoDB[0m
  [1m[35m (0.1ms)[0m  [1m[35mBEGIN[0m
  [1m[35mSQL (0.2ms)[0m  [1m[32mINSERT INTO `schema_migrations` (`version`) VALUES ('20190326034338')[0m
  [1m[35m (0.2ms)[0m  [1m[35mCOMMIT[0m
Migrating to RemoveSizeFromCategories (20190326104015)
  [1m[35m (19.3ms)[0m  [1m[35mALTER TABLE `categories` DROP `size`[0m
  [1m[35m (17.3ms)[0m  [1m[35mALTER TABLE `categories` DROP `brand`[0m
  [1m[35m (12.3ms)[0m  [1m[35mALTER TABLE `categories` ADD `intro` text[0m
  [1m[35m (0.1ms)[0m  [1m[35mBEGIN[0m
  [1m[35mSQL (0.2ms)[0m  [1m[32mINSERT INTO `schema_migrations` (`version`) VALUES ('20190326104015')[0m
  [1m[35m (0.3ms)[0m  [1m[35mCOMMIT[0m
Migrating to AddColumnToBrands (20190327031021)
  [1m[35m (19.7ms)[0m  [1m[35mALTER TABLE `brands` ADD `initial` text[0m
  [1m[35m (0.2ms)[0m  [1m[35mBEGIN[0m
  [1m[35mSQL (0.2ms)[0m  [1m[32mINSERT INTO `schema_migrations` (`version`) VALUES ('20190327031021')[0m
  [1m[35m (0.3ms)[0m  [1m[35mCOMMIT[0m
Migrating to ChangeColumnToCategory (20190328024043)
  [1m[35m (0.2ms)[0m  [1m[35mBEGIN[0m
  [1m[35mSQL (0.2ms)[0m  [1m[32mINSERT INTO `schema_migrations` (`version`) VALUES ('20190328024043')[0m
  [1m[35m (0.4ms)[0m  [1m[35mCOMMIT[0m
Migrating to AddColumnDeliveryStatus (20190328093502)
  [1m[35m (17.5ms)[0m  [1m[35mALTER TABLE `items` ADD `delivery_status` int DEFAULT 0[0m
  [1m[35m (0.1ms)[0m  [1m[35mBEGIN[0m
  [1m[35mSQL (0.2ms)[0m  [1m[32mINSERT INTO `schema_migrations` (`version`) VALUES ('20190328093502')[0m
  [1m[35m (0.3ms)[0m  [1m[35mCOMMIT[0m
Migrating to RemoveColumnFromUsers (20190328113854)
  [1m[35m (17.2ms)[0m  [1m[35mALTER TABLE `users` DROP `uid`[0m
  [1m[35m (17.2ms)[0m  [1m[35mALTER TABLE `users` DROP `provider`[0m
  [1m[35m (0.1ms)[0m  [1m[35mBEGIN[0m
  [1m[35mSQL (0.2ms)[0m  [1m[32mINSERT INTO `schema_migrations` (`version`) VALUES ('20190328113854')[0m
  [1m[35m (0.2ms)[0m  [1m[35mCOMMIT[0m
Migrating to AddSnsToUsers (20190328115324)
  [1m[35m (18.8ms)[0m  [1m[35mALTER TABLE `users` ADD `provider` varchar(255)[0m
  [1m[35m (19.6ms)[0m  [1m[35mALTER TABLE `users` ADD `uid` varchar(255)[0m
  [1m[35m (19.0ms)[0m  [1m[35mALTER TABLE `users` ADD `token` varchar(255)[0m
  [1m[35m (0.1ms)[0m  [1m[35mBEGIN[0m
  [1m[35mSQL (0.3ms)[0m  [1m[32mINSERT INTO `schema_migrations` (`version`) VALUES ('20190328115324')[0m
  [1m[35m (0.3ms)[0m  [1m[35mCOMMIT[0m
Migrating to CreateTemporaries (20190329100137)
  [1m[35m (17.8ms)[0m  [1m[35mCREATE TABLE `temporaries` (`id` int AUTO_INCREMENT PRIMARY KEY, `nickname` varchar(255), `email` varchar(255), `password` varchar(255), `password_confirmation` varchar(255), `first_name` varchar(255), `last_name` varchar(255), `first_name_kana` varchar(255), `last_name_kana` varchar(255), `birth_year` int, `birth_month` int, `birth_day` int, `prefecture_id` int, `post_number` int, `city` varchar(255), `town` varchar(255), `building` varchar(255), `phone_number` int, `created_at` datetime NOT NULL, `updated_at` datetime NOT NULL) ENGINE=InnoDB[0m
  [1m[35m (0.1ms)[0m  [1m[35mBEGIN[0m
  [1m[35mSQL (0.2ms)[0m  [1m[32mINSERT INTO `schema_migrations` (`version`) VALUES ('20190329100137')[0m
  [1m[35m (0.2ms)[0m  [1m[35mCOMMIT[0m
Migrating to AddColumnToBrand (20190329110113)
  [1m[35m (17.7ms)[0m  [1m[35mALTER TABLE `brands` ADD `intro` text[0m
  [1m[35m (0.1ms)[0m  [1m[35mBEGIN[0m
  [1m[35mSQL (0.2ms)[0m  [1m[32mINSERT INTO `schema_migrations` (`version`) VALUES ('20190329110113')[0m
  [1m[35m (0.3ms)[0m  [1m[35mCOMMIT[0m
Migrating to ChangeColumnFromBrand (20190330060018)
  [1m[35m (15.5ms)[0m  [1m[35mALTER TABLE `brands` DROP `name`[0m
  [1m[35m (0.1ms)[0m  [1m[35mBEGIN[0m
  [1m[35mSQL (0.2ms)[0m  [1m[32mINSERT INTO `schema_migrations` (`version`) VALUES ('20190330060018')[0m
  [1m[35m (0.2ms)[0m  [1m[35mCOMMIT[0m
Migrating to ChangeColumnToBrand (20190330060228)
  [1m[35m (17.6ms)[0m  [1m[35mALTER TABLE `brands` ADD `name` varchar(255)[0m
  [1m[35m (0.1ms)[0m  [1m[35mBEGIN[0m
  [1m[35mSQL (0.2ms)[0m  [1m[32mINSERT INTO `schema_migrations` (`version`) VALUES ('20190330060228')[0m
  [1m[35m (0.3ms)[0m  [1m[35mCOMMIT[0m
Migrating to ChangeTypeIntegerToTemporary (20190330075059)
  [1m[35m (19.5ms)[0m  [1m[35mALTER TABLE `temporaries` CHANGE `phone_number` `phone_number` bigint[0m
  [1m[35m (0.1ms)[0m  [1m[35mBEGIN[0m
  [1m[35mSQL (0.2ms)[0m  [1m[32mINSERT INTO `schema_migrations` (`version`) VALUES ('20190330075059')[0m
  [1m[35m (0.2ms)[0m  [1m[35mCOMMIT[0m
Migrating to CreateMessages (20190330081210)
  [1m[35m (15.0ms)[0m  [1m[35mCREATE TABLE `messages` (`id` int AUTO_INCREMENT PRIMARY KEY, `text` text NOT NULL, `user_id` int NOT NULL, `buyer_id` int NOT NULL, `created_at` datetime NOT NULL, `updated_at` datetime NOT NULL) ENGINE=InnoDB[0m
  [1m[35m (0.3ms)[0m  [1m[35mBEGIN[0m
  [1m[35mSQL (0.2ms)[0m  [1m[32mINSERT INTO `schema_migrations` (`version`) VALUES ('20190330081210')[0m
  [1m[35m (0.3ms)[0m  [1m[35mCOMMIT[0m
Migrating to ChangeColumnToItems (20190330103521)
  [1m[35m (14.2ms)[0m  [1m[35mALTER TABLE `items` CHANGE `likes_count` `likes_count` int DEFAULT 0[0m
  [1m[35m (0.1ms)[0m  [1m[35mBEGIN[0m
  [1m[35mSQL (0.2ms)[0m  [1m[32mINSERT INTO `schema_migrations` (`version`) VALUES ('20190330103521')[0m
  [1m[35m (0.3ms)[0m  [1m[35mCOMMIT[0m
Migrating to ChangeColumnToAddress (20190330103557)
  [1m[35m (17.1ms)[0m  [1m[35mALTER TABLE `addresses` CHANGE `phone_number` `phone_number` bigint[0m
  [1m[35m (0.1ms)[0m  [1m[35mBEGIN[0m
  [1m[35mSQL (0.2ms)[0m  [1m[32mINSERT INTO `schema_migrations` (`version`) VALUES ('20190330103557')[0m
  [1m[35m (0.2ms)[0m  [1m[35mCOMMIT[0m
Migrating to RenameTitreColumnToMessage (20190331030513)
  [1m[35m (18.9ms)[0m  [1m[35mALTER TABLE `messages` CHANGE `buyer_id` `item_id` int(11) NOT NULL[0m
  [1m[35m (0.1ms)[0m  [1m[35mBEGIN[0m
  [1m[35mSQL (0.2ms)[0m  [1m[32mINSERT INTO `schema_migrations` (`version`) VALUES ('20190331030513')[0m
  [1m[35m (0.3ms)[0m  [1m[35mCOMMIT[0m
Migrating to DropMessageTable (20190331064231)
  [1m[35m (1.6ms)[0m  [1m[35mDROP TABLE `messages`[0m
  [1m[35m (0.1ms)[0m  [1m[35mBEGIN[0m
  [1m[35mSQL (0.2ms)[0m  [1m[32mINSERT INTO `schema_migrations` (`version`) VALUES ('20190331064231')[0m
  [1m[35m (0.2ms)[0m  [1m[35mCOMMIT[0m
Migrating to CreateMessagesTable (20190331064402)
  [1m[35m (11.6ms)[0m  [1m[35mCREATE TABLE `messages` (`id` int AUTO_INCREMENT PRIMARY KEY, `text` text, `user_id` int, `item_id` int, `created_at` datetime NOT NULL, `updated_at` datetime NOT NULL) ENGINE=InnoDB[0m
  [1m[35m (0.1ms)[0m  [1m[35mBEGIN[0m
  [1m[35mSQL (0.2ms)[0m  [1m[32mINSERT INTO `schema_migrations` (`version`) VALUES ('20190331064402')[0m
  [1m[35m (0.2ms)[0m  [1m[35mCOMMIT[0m
Migrating to CreateRelationships (20190401011418)
  [1m[35m (13.7ms)[0m  [1m[35mCREATE TABLE `relationships` (`id` int AUTO_INCREMENT PRIMARY KEY, `follower_id` int, `following_id` int, `created_at` datetime NOT NULL, `updated_at` datetime NOT NULL) ENGINE=InnoDB[0m
  [1m[35m (14.3ms)[0m  [1m[35mCREATE  INDEX `index_relationships_on_follower_id`  ON `relationships` (`follower_id`) [0m
  [1m[35m (14.3ms)[0m  [1m[35mCREATE  INDEX `index_relationships_on_following_id`  ON `relationships` (`following_id`) [0m
  [1m[35m (14.7ms)[0m  [1m[35mCREATE UNIQUE INDEX `index_relationships_on_follower_id_and_following_id`  ON `relationships` (`follower_id`, `following_id`) [0m
  [1m[35m (0.2ms)[0m  [1m[35mBEGIN[0m
  [1m[35mSQL (0.3ms)[0m  [1m[32mINSERT INTO `schema_migrations` (`version`) VALUES ('20190401011418')[0m
  [1m[35m (0.3ms)[0m  [1m[35mCOMMIT[0m
Migrating to AddPricedefaultToItems (20190401100445)
  [1m[35m (12.5ms)[0m  [1m[35mALTER TABLE `items` CHANGE `price` `price` int DEFAULT 0[0m
  [1m[35m (0.2ms)[0m  [1m[35mBEGIN[0m
  [1m[35mSQL (0.3ms)[0m  [1m[32mINSERT INTO `schema_migrations` (`version`) VALUES ('20190401100445')[0m
  [1m[35m (0.4ms)[0m  [1m[35mCOMMIT[0m
Migrating to AddColmunlate (20190402074300)
  [1m[35m (20.9ms)[0m  [1m[35mALTER TABLE `users` ADD `late_count` int DEFAULT 0[0m
  [1m[35m (0.2ms)[0m  [1m[35mBEGIN[0m
  [1m[35mSQL (0.2ms)[0m  [1m[32mINSERT INTO `schema_migrations` (`version`) VALUES ('20190402074300')[0m
  [1m[35m (0.3ms)[0m  [1m[35mCOMMIT[0m
Migrating to CreateLates (20190402074609)
  [1m[35m (15.3ms)[0m  [1m[35mCREATE TABLE `lates` (`id` int AUTO_INCREMENT PRIMARY KEY, `user_id` int, `text` text, `late` int, `created_at` datetime NOT NULL, `updated_at` datetime NOT NULL) ENGINE=InnoDB[0m
  [1m[35m (0.1ms)[0m  [1m[35mBEGIN[0m
  [1m[35mSQL (0.2ms)[0m  [1m[32mINSERT INTO `schema_migrations` (`version`) VALUES ('20190402074609')[0m
  [1m[35m (0.3ms)[0m  [1m[35mCOMMIT[0m
Migrating to ChangeColumnToBrands (20190403103327)
  [1m[35m (14.2ms)[0m  [1m[35mCREATE  INDEX `index_brands_on_name`  ON `brands` (`name`) [0m
  [1m[35m (0.1ms)[0m  [1m[35mBEGIN[0m
  [1m[35mSQL (0.2ms)[0m  [1m[32mINSERT INTO `schema_migrations` (`version`) VALUES ('20190403103327')[0m
  [1m[35m (0.3ms)[0m  [1m[35mCOMMIT[0m
Migrating to ChangeDatatypePostNumberOfAddresses (20190404034024)
  [1m[35m (20.7ms)[0m  [1m[35mALTER TABLE `addresses` CHANGE `post_number` `post_number` varchar(255)[0m
  [1m[35m (0.2ms)[0m  [1m[35mBEGIN[0m
  [1m[35mSQL (0.2ms)[0m  [1m[32mINSERT INTO `schema_migrations` (`version`) VALUES ('20190404034024')[0m
  [1m[35m (0.4ms)[0m  [1m[35mCOMMIT[0m
Migrating to ChangeDatatypePhoneNumberOfAddresses (20190404034342)
  [1m[35m (21.8ms)[0m  [1m[35mALTER TABLE `addresses` CHANGE `phone_number` `phone_number` varchar(255)[0m
  [1m[35m (0.1ms)[0m  [1m[35mBEGIN[0m
  [1m[35mSQL (0.2ms)[0m  [1m[32mINSERT INTO `schema_migrations` (`version`) VALUES ('20190404034342')[0m
  [1m[35m (0.2ms)[0m  [1m[35mCOMMIT[0m
Migrating to ChangeDatatypePhoneNumberOfTemporaries (20190404034422)
  [1m[35m (17.1ms)[0m  [1m[35mALTER TABLE `temporaries` CHANGE `phone_number` `phone_number` varchar(255)[0m
  [1m[35m (0.1ms)[0m  [1m[35mBEGIN[0m
  [1m[35mSQL (0.2ms)[0m  [1m[32mINSERT INTO `schema_migrations` (`version`) VALUES ('20190404034422')[0m
  [1m[35m (0.2ms)[0m  [1m[35mCOMMIT[0m
Migrating to ChangeDatatypePostNumberOfTemporaries (20190404034457)
  [1m[35m (21.4ms)[0m  [1m[35mALTER TABLE `temporaries` CHANGE `post_number` `post_number` varchar(255)[0m
  [1m[35m (0.1ms)[0m  [1m[35mBEGIN[0m
  [1m[35mSQL (0.3ms)[0m  [1m[32mINSERT INTO `schema_migrations` (`version`) VALUES ('20190404034457')[0m
  [1m[35m (0.3ms)[0m  [1m[35mCOMMIT[0m
Migrating to AddIndexToBrand (20190404042504)
  [1m[35m (16.0ms)[0m  [1m[35mALTER TABLE `brands` CHANGE `initial` `initial` varchar(255)[0m
  [1m[35m (13.6ms)[0m  [1m[35mCREATE  INDEX `index_brands_on_initial`  ON `brands` (`initial`) [0m
  [1m[35m (0.1ms)[0m  [1m[35mBEGIN[0m
  [1m[35mSQL (0.2ms)[0m  [1m[32mINSERT INTO `schema_migrations` (`version`) VALUES ('20190404042504')[0m
  [1m[35m (0.2ms)[0m  [1m[35mCOMMIT[0m
Migrating to AddColumnLates (20190404113054)
  [1m[35m (15.5ms)[0m  [1m[35mALTER TABLE `lates` ADD `late_user` int[0m
  [1m[35m (0.1ms)[0m  [1m[35mBEGIN[0m
  [1m[35mSQL (0.2ms)[0m  [1m[32mINSERT INTO `schema_migrations` (`version`) VALUES ('20190404113054')[0m
  [1m[35m (0.3ms)[0m  [1m[35mCOMMIT[0m
  [1m[36mActiveRecord::InternalMetadata Load (0.2ms)[0m  [1m[34mSELECT  `ar_internal_metadata`.* FROM `ar_internal_metadata` WHERE `ar_internal_metadata`.`key` = 'environment' LIMIT 1[0m
  [1m[35m (0.1ms)[0m  [1m[35mBEGIN[0m
  [1m[35mSQL (0.2ms)[0m  [1m[32mINSERT INTO `ar_internal_metadata` (`key`, `value`, `created_at`, `updated_at`) VALUES ('environment', 'development', '2019-11-03 06:52:40', '2019-11-03 06:52:40')[0m
  [1m[35m (0.2ms)[0m  [1m[35mCOMMIT[0m
  [1m[35m (0.2ms)[0m  [1m[34mSELECT RELEASE_LOCK('8752340796412543155')[0m
  [1m[36mActiveRecord::SchemaMigration Load (0.2ms)[0m  [1m[34mSELECT `schema_migrations`.* FROM `schema_migrations`[0m
  [1m[35m (28.2ms)[0m  [1m[35mSHOW CREATE TABLE `addresses`[0m
  [1m[35m (0.4ms)[0m  [1m[35mSHOW TABLE STATUS LIKE 'addresses'[0m
  [1m[35m (0.2ms)[0m  [1m[35mSHOW CREATE TABLE `brands`[0m
  [1m[35m (0.3ms)[0m  [1m[35mSHOW TABLE STATUS LIKE 'brands'[0m
  [1m[35m (0.1ms)[0m  [1m[35mSHOW CREATE TABLE `categories`[0m
  [1m[35m (0.3ms)[0m  [1m[35mSHOW TABLE STATUS LIKE 'categories'[0m
  [1m[35m (0.2ms)[0m  [1m[35mSHOW CREATE TABLE `category_brands`[0m
  [1m[35m (0.1ms)[0m  [1m[35mSHOW CREATE TABLE `comments`[0m
  [1m[35m (0.3ms)[0m  [1m[35mSHOW TABLE STATUS LIKE 'comments'[0m
  [1m[35m (0.2ms)[0m  [1m[35mSHOW CREATE TABLE `item_images`[0m
  [1m[35m (0.3ms)[0m  [1m[35mSHOW TABLE STATUS LIKE 'item_images'[0m
  [1m[35m (0.1ms)[0m  [1m[35mSHOW CREATE TABLE `items`[0m
  [1m[35m (0.2ms)[0m  [1m[35mSHOW TABLE STATUS LIKE 'items'[0m
  [1m[35m (0.1ms)[0m  [1m[35mSHOW CREATE TABLE `lates`[0m
  [1m[35m (0.2ms)[0m  [1m[35mSHOW TABLE STATUS LIKE 'lates'[0m
  [1m[35m (0.2ms)[0m  [1m[35mSHOW CREATE TABLE `likes`[0m
  [1m[35m (0.2ms)[0m  [1m[35mSHOW CREATE TABLE `messages`[0m
  [1m[35m (0.2ms)[0m  [1m[35mSHOW TABLE STATUS LIKE 'messages'[0m
  [1m[35m (0.2ms)[0m  [1m[35mSHOW CREATE TABLE `profiles`[0m
  [1m[35m (0.3ms)[0m  [1m[35mSHOW TABLE STATUS LIKE 'profiles'[0m
  [1m[35m (0.2ms)[0m  [1m[35mSHOW CREATE TABLE `relationships`[0m
  [1m[35m (0.2ms)[0m  [1m[35mSHOW CREATE TABLE `temporaries`[0m
  [1m[35m (0.3ms)[0m  [1m[35mSHOW TABLE STATUS LIKE 'temporaries'[0m
  [1m[35m (0.3ms)[0m  [1m[35mSHOW CREATE TABLE `users`[0m
  [1m[35m (0.3ms)[0m  [1m[35mSHOW TABLE STATUS LIKE 'users'[0m
Started GET "/" for 127.0.0.1 at 2019-11-03 15:53:01 +0900
  [1m[36mActiveRecord::SchemaMigration Load (0.5ms)[0m  [1m[34mSELECT `schema_migrations`.* FROM `schema_migrations`[0m
Processing by ItemsController#index as HTML
  [1m[36mCategory Load (0.5ms)[0m  [1m[34mSELECT `categories`.* FROM `categories` WHERE `categories`.`main_category_id` IS NULL AND `categories`.`sub_category_id` IS NULL[0m
  [1m[35m (0.3ms)[0m  [1m[34mSELECT SUM(`items`.`price`) FROM `items` WHERE `items`.`user_id` IS NULL AND `items`.`business_stats` = 3[0m
  [1m[36mCategory Load (0.2ms)[0m  [1m[34mSELECT  `categories`.* FROM `categories` WHERE `categories`.`id` = 1 LIMIT 1[0m
Completed 404 Not Found in 47ms (ActiveRecord: 2.4ms)


  
ActiveRecord::RecordNotFound (Couldn't find Category with 'id'=1):
  
app/controllers/items_controller.rb:33:in `index'
  Rendering /Users/user/.rbenv/versions/2.4.1/lib/ruby/gems/2.4.0/gems/actionpack-5.0.7.1/lib/action_dispatch/middleware/templates/rescues/diagnostics.html.erb within rescues/layout
  Rendering /Users/user/.rbenv/versions/2.4.1/lib/ruby/gems/2.4.0/gems/actionpack-5.0.7.1/lib/action_dispatch/middleware/templates/rescues/_source.html.erb
  Rendered /Users/user/.rbenv/versions/2.4.1/lib/ruby/gems/2.4.0/gems/actionpack-5.0.7.1/lib/action_dispatch/middleware/templates/rescues/_source.html.erb (3.5ms)
  Rendering /Users/user/.rbenv/versions/2.4.1/lib/ruby/gems/2.4.0/gems/actionpack-5.0.7.1/lib/action_dispatch/middleware/templates/rescues/_trace.html.erb
  Rendered /Users/user/.rbenv/versions/2.4.1/lib/ruby/gems/2.4.0/gems/actionpack-5.0.7.1/lib/action_dispatch/middleware/templates/rescues/_trace.html.erb (1.5ms)
  Rendering /Users/user/.rbenv/versions/2.4.1/lib/ruby/gems/2.4.0/gems/actionpack-5.0.7.1/lib/action_dispatch/middleware/templates/rescues/_request_and_response.html.erb
  Rendered /Users/user/.rbenv/versions/2.4.1/lib/ruby/gems/2.4.0/gems/actionpack-5.0.7.1/lib/action_dispatch/middleware/templates/rescues/_request_and_response.html.erb (0.8ms)
  Rendered /Users/user/.rbenv/versions/2.4.1/lib/ruby/gems/2.4.0/gems/actionpack-5.0.7.1/lib/action_dispatch/middleware/templates/rescues/diagnostics.html.erb within rescues/layout (93.1ms)
Started GET "/" for 127.0.0.1 at 2019-11-03 16:18:53 +0900
Processing by ItemsController#index as HTML
  [1m[36mCategory Load (0.3ms)[0m  [1m[34mSELECT `categories`.* FROM `categories` WHERE `categories`.`main_category_id` IS NULL AND `categories`.`sub_category_id` IS NULL[0m
  [1m[35m (0.2ms)[0m  [1m[34mSELECT SUM(`items`.`price`) FROM `items` WHERE `items`.`user_id` IS NULL AND `items`.`business_stats` = 3[0m
  Rendering items/index.html.haml within layouts/application
  Rendered shared/_category-drop-menu.html.haml (5.3ms)
  Rendered shared/_brand-drop-menu.html.haml (4.3ms)
  Rendered shared/_header.html.haml (22.5ms)
  Rendered items/_items.html.haml (2909.9ms)
  Rendered items/index.html.haml within layouts/application (2943.9ms)
Completed 500 Internal Server Error in 2983ms (ActiveRecord: 1.4ms)


  
ActionView::Template::Error (wrong argument type NilClass (must respond to :each)):
    33:   %h2.pickup-container__title
    34:     ãƒ”ãƒƒã‚¯ã‚¢ãƒƒãƒ—ã‚«ãƒ†ã‚´ãƒªãƒ¼
    35: 
    36:   - @category_items.zip(@category_name).each do |item, category|
    37:     = render partial: 'shared/toppage_category_items',locals: {item: item,category: category}
    38: 
    39:   %h2.pickup-container__title
  
app/views/items/_items.html.haml:36:in `zip'
app/views/items/_items.html.haml:36:in `_app_views_items__items_html_haml__4173630772236150535_70266617110360'
app/views/items/index.html.haml:4:in `_app_views_items_index_html_haml__4424765732685995724_70266613781140'
  Rendering /Users/user/.rbenv/versions/2.4.1/lib/ruby/gems/2.4.0/gems/actionpack-5.0.7.1/lib/action_dispatch/middleware/templates/rescues/template_error.html.erb within rescues/layout
  Rendering /Users/user/.rbenv/versions/2.4.1/lib/ruby/gems/2.4.0/gems/actionpack-5.0.7.1/lib/action_dispatch/middleware/templates/rescues/_source.html.erb
  Rendered /Users/user/.rbenv/versions/2.4.1/lib/ruby/gems/2.4.0/gems/actionpack-5.0.7.1/lib/action_dispatch/middleware/templates/rescues/_source.html.erb (4.9ms)
  Rendering /Users/user/.rbenv/versions/2.4.1/lib/ruby/gems/2.4.0/gems/actionpack-5.0.7.1/lib/action_dispatch/middleware/templates/rescues/_trace.html.erb
  Rendered /Users/user/.rbenv/versions/2.4.1/lib/ruby/gems/2.4.0/gems/actionpack-5.0.7.1/lib/action_dispatch/middleware/templates/rescues/_trace.html.erb (1.9ms)
  Rendering /Users/user/.rbenv/versions/2.4.1/lib/ruby/gems/2.4.0/gems/actionpack-5.0.7.1/lib/action_dispatch/middleware/templates/rescues/_request_and_response.html.erb
  Rendered /Users/user/.rbenv/versions/2.4.1/lib/ruby/gems/2.4.0/gems/actionpack-5.0.7.1/lib/action_dispatch/middleware/templates/rescues/_request_and_response.html.erb (0.8ms)
  Rendered /Users/user/.rbenv/versions/2.4.1/lib/ruby/gems/2.4.0/gems/actionpack-5.0.7.1/lib/action_dispatch/middleware/templates/rescues/template_error.html.erb within rescues/layout (83.5ms)
Started GET "/" for 127.0.0.1 at 2019-11-03 16:19:53 +0900
Processing by ItemsController#index as HTML
  [1m[36mCategory Load (0.3ms)[0m  [1m[34mSELECT `categories`.* FROM `categories` WHERE `categories`.`main_category_id` IS NULL AND `categories`.`sub_category_id` IS NULL[0m
  [1m[35m (0.3ms)[0m  [1m[34mSELECT SUM(`items`.`price`) FROM `items` WHERE `items`.`user_id` IS NULL AND `items`.`business_stats` = 3[0m
  Rendering items/index.html.haml within layouts/application
  Rendered shared/_category-drop-menu.html.haml (25.7ms)
  Rendered shared/_brand-drop-menu.html.haml (4.8ms)
  Rendered shared/_header.html.haml (39.5ms)
  Rendered items/_items.html.haml (10.5ms)
  Rendered items/index.html.haml within layouts/application (54.7ms)
Completed 500 Internal Server Error in 96ms (ActiveRecord: 1.4ms)


  
ActionView::Template::Error (undefined method `zip' for nil:NilClass):
    33:   %h2.pickup-container__title
    34:     ãƒ”ãƒƒã‚¯ã‚¢ãƒƒãƒ—ã‚«ãƒ†ã‚´ãƒªãƒ¼
    35: 
    36:   - @category_items.zip(@category_name).each do |item, category|
    37:     = render partial: 'shared/toppage_category_items',locals: {item: item,category: category}
    38: 
    39:   %h2.pickup-container__title
  
app/views/items/_items.html.haml:36:in `_app_views_items__items_html_haml__4173630772236150535_70266652286040'
app/views/items/index.html.haml:4:in `_app_views_items_index_html_haml__4424765732685995724_70266665226760'
  Rendering /Users/user/.rbenv/versions/2.4.1/lib/ruby/gems/2.4.0/gems/actionpack-5.0.7.1/lib/action_dispatch/middleware/templates/rescues/template_error.html.erb within rescues/layout
  Rendering /Users/user/.rbenv/versions/2.4.1/lib/ruby/gems/2.4.0/gems/actionpack-5.0.7.1/lib/action_dispatch/middleware/templates/rescues/_source.html.erb
  Rendered /Users/user/.rbenv/versions/2.4.1/lib/ruby/gems/2.4.0/gems/actionpack-5.0.7.1/lib/action_dispatch/middleware/templates/rescues/_source.html.erb (8.5ms)
  Rendering /Users/user/.rbenv/versions/2.4.1/lib/ruby/gems/2.4.0/gems/actionpack-5.0.7.1/lib/action_dispatch/middleware/templates/rescues/_trace.html.erb
  Rendered /Users/user/.rbenv/versions/2.4.1/lib/ruby/gems/2.4.0/gems/actionpack-5.0.7.1/lib/action_dispatch/middleware/templates/rescues/_trace.html.erb (3.2ms)
  Rendering /Users/user/.rbenv/versions/2.4.1/lib/ruby/gems/2.4.0/gems/actionpack-5.0.7.1/lib/action_dispatch/middleware/templates/rescues/_request_and_response.html.erb
  Rendered /Users/user/.rbenv/versions/2.4.1/lib/ruby/gems/2.4.0/gems/actionpack-5.0.7.1/lib/action_dispatch/middleware/templates/rescues/_request_and_response.html.erb (1.2ms)
  Rendered /Users/user/.rbenv/versions/2.4.1/lib/ruby/gems/2.4.0/gems/actionpack-5.0.7.1/lib/action_dispatch/middleware/templates/rescues/template_error.html.erb within rescues/layout (92.5ms)
Started GET "/" for 127.0.0.1 at 2019-11-03 16:21:52 +0900
Processing by ItemsController#index as HTML
  [1m[36mCategory Load (0.3ms)[0m  [1m[34mSELECT `categories`.* FROM `categories` WHERE `categories`.`main_category_id` IS NULL AND `categories`.`sub_category_id` IS NULL[0m
  [1m[35m (0.2ms)[0m  [1m[34mSELECT SUM(`items`.`price`) FROM `items` WHERE `items`.`user_id` IS NULL AND `items`.`business_stats` = 3[0m
  Rendering items/index.html.haml within layouts/application
  Rendered shared/_category-drop-menu.html.haml (10.0ms)
  Rendered shared/_brand-drop-menu.html.haml (7.5ms)
  Rendered shared/_header.html.haml (34.0ms)
  [1m[36mItem Load (0.3ms)[0m  [1m[34mSELECT  `items`.* FROM `items` WHERE `items`.`brand_id` = 2447 AND (`items`.`business_stats` != 2) ORDER BY `items`.`id` DESC LIMIT 4[0m
  Rendered shared/_toppage_brand_items.html.haml (9.0ms)
  [1m[36mItem Load (0.3ms)[0m  [1m[34mSELECT  `items`.* FROM `items` WHERE `items`.`brand_id` = 3813 AND (`items`.`business_stats` != 2) ORDER BY `items`.`id` DESC LIMIT 4[0m
  Rendered shared/_toppage_brand_items.html.haml (1.4ms)
  [1m[36mItem Load (0.3ms)[0m  [1m[34mSELECT  `items`.* FROM `items` WHERE `items`.`brand_id` = 6155 AND (`items`.`business_stats` != 2) ORDER BY `items`.`id` DESC LIMIT 4[0m
  Rendered shared/_toppage_brand_items.html.haml (0.9ms)
  [1m[36mItem Load (0.5ms)[0m  [1m[34mSELECT  `items`.* FROM `items` WHERE `items`.`brand_id` = 8413 AND (`items`.`business_stats` != 2) ORDER BY `items`.`id` DESC LIMIT 4[0m
  Rendered shared/_toppage_brand_items.html.haml (1.2ms)
  Rendered items/_items.html.haml (30.8ms)
  Rendered shared/_sell-button.html.haml (5.0ms)
  Rendered shared/_footer.html.haml (19.2ms)
  Rendered items/index.html.haml within layouts/application (97.5ms)
Completed 200 OK in 233ms (Views: 225.5ms | ActiveRecord: 1.9ms)


Started GET "/" for 127.0.0.1 at 2019-11-03 16:21:54 +0900
Processing by ItemsController#index as HTML
  [1m[36mCategory Load (0.4ms)[0m  [1m[34mSELECT `categories`.* FROM `categories` WHERE `categories`.`main_category_id` IS NULL AND `categories`.`sub_category_id` IS NULL[0m
  [1m[35m (0.2ms)[0m  [1m[34mSELECT SUM(`items`.`price`) FROM `items` WHERE `items`.`user_id` IS NULL AND `items`.`business_stats` = 3[0m
  Rendering items/index.html.haml within layouts/application
  Rendered shared/_category-drop-menu.html.haml (5.2ms)
  Rendered shared/_brand-drop-menu.html.haml (4.1ms)
  Rendered shared/_header.html.haml (19.0ms)
  [1m[36mItem Load (0.4ms)[0m  [1m[34mSELECT  `items`.* FROM `items` WHERE `items`.`brand_id` = 2447 AND (`items`.`business_stats` != 2) ORDER BY `items`.`id` DESC LIMIT 4[0m
  Rendered shared/_toppage_brand_items.html.haml (4.8ms)
  [1m[36mItem Load (0.3ms)[0m  [1m[34mSELECT  `items`.* FROM `items` WHERE `items`.`brand_id` = 3813 AND (`items`.`business_stats` != 2) ORDER BY `items`.`id` DESC LIMIT 4[0m
  Rendered shared/_toppage_brand_items.html.haml (0.8ms)
  [1m[36mItem Load (0.3ms)[0m  [1m[34mSELECT  `items`.* FROM `items` WHERE `items`.`brand_id` = 6155 AND (`items`.`business_stats` != 2) ORDER BY `items`.`id` DESC LIMIT 4[0m
  Rendered shared/_toppage_brand_items.html.haml (0.8ms)
  [1m[36mItem Load (0.2ms)[0m  [1m[34mSELECT  `items`.* FROM `items` WHERE `items`.`brand_id` = 8413 AND (`items`.`business_stats` != 2) ORDER BY `items`.`id` DESC LIMIT 4[0m
  Rendered shared/_toppage_brand_items.html.haml (0.8ms)
  Rendered items/_items.html.haml (21.9ms)
  Rendered shared/_sell-button.html.haml (2.5ms)
  Rendered shared/_footer.html.haml (10.8ms)
  Rendered items/index.html.haml within layouts/application (61.4ms)
Completed 200 OK in 119ms (Views: 112.6ms | ActiveRecord: 1.8ms)


Started GET "/" for 127.0.0.1 at 2019-11-03 16:22:53 +0900
Processing by ItemsController#index as HTML
  [1m[36mCategory Load (0.4ms)[0m  [1m[34mSELECT `categories`.* FROM `categories` WHERE `categories`.`main_category_id` IS NULL AND `categories`.`sub_category_id` IS NULL[0m
  [1m[35m (0.4ms)[0m  [1m[34mSELECT SUM(`items`.`price`) FROM `items` WHERE `items`.`user_id` IS NULL AND `items`.`business_stats` = 3[0m
  Rendering items/index.html.haml within layouts/application
  Rendered shared/_category-drop-menu.html.haml (4.5ms)
  Rendered shared/_brand-drop-menu.html.haml (4.1ms)
  Rendered shared/_header.html.haml (18.8ms)
  [1m[36mItem Load (0.3ms)[0m  [1m[34mSELECT  `items`.* FROM `items` WHERE `items`.`brand_id` = 2447 AND (`items`.`business_stats` != 2) ORDER BY `items`.`id` DESC LIMIT 4[0m
  Rendered shared/_toppage_brand_items.html.haml (5.5ms)
  [1m[36mItem Load (0.3ms)[0m  [1m[34mSELECT  `items`.* FROM `items` WHERE `items`.`brand_id` = 3813 AND (`items`.`business_stats` != 2) ORDER BY `items`.`id` DESC LIMIT 4[0m
  Rendered shared/_toppage_brand_items.html.haml (0.9ms)
  [1m[36mItem Load (0.2ms)[0m  [1m[34mSELECT  `items`.* FROM `items` WHERE `items`.`brand_id` = 6155 AND (`items`.`business_stats` != 2) ORDER BY `items`.`id` DESC LIMIT 4[0m
  Rendered shared/_toppage_brand_items.html.haml (0.8ms)
  [1m[36mItem Load (0.3ms)[0m  [1m[34mSELECT  `items`.* FROM `items` WHERE `items`.`brand_id` = 8413 AND (`items`.`business_stats` != 2) ORDER BY `items`.`id` DESC LIMIT 4[0m
  Rendered shared/_toppage_brand_items.html.haml (0.9ms)
  Rendered items/_items.html.haml (20.8ms)
  Rendered shared/_sell-button.html.haml (2.6ms)
  Rendered shared/_footer.html.haml (10.3ms)
  Rendered items/index.html.haml within layouts/application (59.7ms)
Completed 200 OK in 111ms (Views: 103.8ms | ActiveRecord: 1.9ms)


Started GET "/users/sign_in" for 127.0.0.1 at 2019-11-03 16:22:55 +0900
Processing by Users::SessionsController#new as HTML
  Rendering devise/sessions/new.html.haml within layouts/application
  Rendered users/_user_header.html.haml (2.1ms)
  Rendered users/_user_footer.html.haml (2.8ms)
  Rendered devise/sessions/new.html.haml within layouts/application (28.3ms)
Completed 200 OK in 104ms (Views: 89.6ms | ActiveRecord: 1.2ms)


Started GET "/to_signup" for 127.0.0.1 at 2019-11-03 16:23:19 +0900
Processing by Users::RegistrationsController#to_signup as HTML
  Rendering devise/registrations/to_signup.html.haml within layouts/application
  Rendered users/_user_header.html.haml (1.9ms)
  Rendered users/_user_footer.html.haml (2.7ms)
  Rendered devise/registrations/to_signup.html.haml within layouts/application (21.3ms)
Completed 200 OK in 98ms (Views: 89.8ms | ActiveRecord: 0.0ms)


Started GET "/users/sign_up" for 127.0.0.1 at 2019-11-03 16:23:20 +0900
Processing by Users::RegistrationsController#new as HTML
  Rendering devise/registrations/new.html.haml within layouts/application
  Rendered users/_user_footer.html.haml (3.3ms)
  Rendered devise/registrations/new.html.haml within layouts/application (1370.6ms)
Completed 200 OK in 1443ms (Views: 1442.5ms | ActiveRecord: 0.0ms)


Started POST "/users" for 127.0.0.1 at 2019-11-03 16:23:41 +0900
Processing by Users::RegistrationsController#create as HTML
  Parameters: {"utf8"=>"âœ“", "authenticity_token"=>"BjHydk+UQhgYiWcI1nMX6+4pBk+aMDU01rC5KjJNbtE0HnQCIRQTEb0Azgnmnt1KSxrWAdzUkDGONouL8M9Vug==", "session"=>{"nickname"=>"a@a", "email"=>"a@a", "password"=>"[FILTERED]", "password_confirmation"=>"[FILTERED]"}}
  [1m[36mUser Exists (0.3ms)[0m  [1m[34mSELECT  1 AS one FROM `users` WHERE `users`.`nickname` IS NULL LIMIT 1[0m
  [1m[36mUser Exists (0.2ms)[0m  [1m[34mSELECT  1 AS one FROM `users` WHERE `users`.`email` = '' LIMIT 1[0m
  [1m[35m (0.2ms)[0m  [1m[35mBEGIN[0m
  [1m[35mSQL (0.3ms)[0m  [1m[32mINSERT INTO `temporaries` (`nickname`, `email`, `password`, `created_at`, `updated_at`) VALUES ('a@a', 'a@a', 'aaaaaa', '2019-11-03 07:23:41', '2019-11-03 07:23:41')[0m
  [1m[35m (0.3ms)[0m  [1m[35mCOMMIT[0m
  [1m[36mUser Load (0.2ms)[0m  [1m[34mSELECT `users`.* FROM `users` WHERE `users`.`nickname` = 'a@a'[0m
  [1m[36mUser Load (0.2ms)[0m  [1m[34mSELECT `users`.* FROM `users` WHERE `users`.`email` = 'a@a'[0m
  [1m[35m (0.1ms)[0m  [1m[35mBEGIN[0m
  [1m[36mTemporary Exists (0.2ms)[0m  [1m[34mSELECT  1 AS one FROM `temporaries` WHERE `temporaries`.`nickname` = BINARY 'a@a' AND (`temporaries`.`id` != 1) LIMIT 1[0m
  [1m[36mTemporary Exists (0.2ms)[0m  [1m[34mSELECT  1 AS one FROM `temporaries` WHERE `temporaries`.`email` = 'a@a' AND (`temporaries`.`id` != 1) LIMIT 1[0m
  [1m[35m (0.1ms)[0m  [1m[31mROLLBACK[0m
  [1m[35m (0.1ms)[0m  [1m[35mBEGIN[0m
  [1m[35mSQL (0.2ms)[0m  [1m[31mDELETE FROM `temporaries` WHERE `temporaries`.`id` = 1[0m
  [1m[35m (0.3ms)[0m  [1m[35mCOMMIT[0m
  Rendering devise/registrations/new.html.haml within layouts/application
  Rendered shared/_errors_messages.html.haml (14.5ms)
  Rendered users/_user_footer.html.haml (3.2ms)
  Rendered devise/registrations/new.html.haml within layouts/application (34.1ms)
Completed 200 OK in 150ms (Views: 109.5ms | ActiveRecord: 4.1ms)


Started POST "/users" for 127.0.0.1 at 2019-11-03 16:24:23 +0900
Processing by Users::RegistrationsController#create as HTML
  Parameters: {"utf8"=>"âœ“", "authenticity_token"=>"ulcriS5n33LhA8nKWcwQMHv2x0cAvSrnHBaI4GLQ3huIeK39QOeOe0SKYMtpIdqR3sUXCUZZj+JEkLpBoFLlcA==", "session"=>{"nickname"=>"kamta", "email"=>"kamatakoujyou@gmail.com", "password"=>"[FILTERED]", "password_confirmation"=>"[FILTERED]"}}
  [1m[36mUser Exists (0.3ms)[0m  [1m[34mSELECT  1 AS one FROM `users` WHERE `users`.`nickname` IS NULL LIMIT 1[0m
  [1m[36mUser Exists (0.2ms)[0m  [1m[34mSELECT  1 AS one FROM `users` WHERE `users`.`email` = '' LIMIT 1[0m
  [1m[35m (0.1ms)[0m  [1m[35mBEGIN[0m
  [1m[35mSQL (0.3ms)[0m  [1m[32mINSERT INTO `temporaries` (`nickname`, `email`, `password`, `created_at`, `updated_at`) VALUES ('kamta', 'kamatakoujyou@gmail.com', '56nrui', '2019-11-03 07:24:23', '2019-11-03 07:24:23')[0m
  [1m[35m (40.5ms)[0m  [1m[35mCOMMIT[0m
  [1m[36mUser Load (0.4ms)[0m  [1m[34mSELECT `users`.* FROM `users` WHERE `users`.`nickname` = 'kamta'[0m
  [1m[36mUser Load (0.3ms)[0m  [1m[34mSELECT `users`.* FROM `users` WHERE `users`.`email` = 'kamatakoujyou@gmail.com'[0m
  [1m[35m (0.1ms)[0m  [1m[35mBEGIN[0m
  [1m[36mTemporary Exists (0.4ms)[0m  [1m[34mSELECT  1 AS one FROM `temporaries` WHERE `temporaries`.`nickname` = BINARY 'kamta' AND (`temporaries`.`id` != 2) LIMIT 1[0m
  [1m[36mTemporary Exists (0.3ms)[0m  [1m[34mSELECT  1 AS one FROM `temporaries` WHERE `temporaries`.`email` = 'kamatakoujyou@gmail.com' AND (`temporaries`.`id` != 2) LIMIT 1[0m
  [1m[35m (0.1ms)[0m  [1m[35mCOMMIT[0m
  Rendering devise/registrations/create.html.haml within layouts/application
  Rendered users/_user_footer.html.haml (3.1ms)
  Rendered devise/registrations/create.html.haml within layouts/application (22.0ms)
Completed 200 OK in 162ms (Views: 97.3ms | ActiveRecord: 43.0ms)


Started POST "/signup/profile" for 127.0.0.1 at 2019-11-03 16:25:11 +0900
Processing by Users::RegistrationsController#profile as HTML
  Parameters: {"utf8"=>"âœ“", "authenticity_token"=>"3+sIaPsYyqtjwxVaD5l0U7rae/R1Q8PgPVLAw+yo6IntxI4clZibosZKvFs/dL7yH+mrujOnZuVl1PJiLirT4g==", "session"=>{"first_name"=>"éŽŒç”°", "last_name"=>"æ–°å¸‚", "first_name_kana"=>"ã‚«ãƒžã‚¿", "last_name_kana"=>"ã‚·ãƒ³ã‚¤ãƒ", "birth_year"=>"1989", "birth_month"=>"1", "birth_day"=>"25"}}
  [1m[36mTemporary Load (0.3ms)[0m  [1m[34mSELECT  `temporaries`.* FROM `temporaries` WHERE `temporaries`.`id` = 2 LIMIT 1[0m
  [1m[35m (0.1ms)[0m  [1m[35mBEGIN[0m
  [1m[35mSQL (0.3ms)[0m  [1m[33mUPDATE `temporaries` SET `first_name` = 'éŽŒç”°', `last_name` = 'æ–°å¸‚', `first_name_kana` = 'ã‚«ãƒžã‚¿', `last_name_kana` = 'ã‚·ãƒ³ã‚¤ãƒ', `birth_year` = 1989, `birth_month` = 1, `birth_day` = 25, `updated_at` = '2019-11-03 07:25:11' WHERE `temporaries`.`id` = 2[0m
  [1m[35m (39.6ms)[0m  [1m[35mCOMMIT[0m
  [1m[35m (0.3ms)[0m  [1m[35mBEGIN[0m
  [1m[35m (0.2ms)[0m  [1m[35mCOMMIT[0m
  Rendering devise/registrations/profile.html.haml within layouts/application
  Rendered users/_user_footer.html.haml (2.6ms)
  Rendered devise/registrations/profile.html.haml within layouts/application (16.2ms)
Completed 200 OK in 138ms (Views: 80.7ms | ActiveRecord: 40.8ms)


Started POST "/signup/address" for 127.0.0.1 at 2019-11-03 16:26:53 +0900
Processing by Users::RegistrationsController#address as HTML
  Parameters: {"utf8"=>"âœ“", "authenticity_token"=>"Qf9/txZtDHZDnKzU9mWXUAPvntQdXVNFuaj5Aa1KqbZz0PnDeO1df+YVBdXGiF3xptxOmlu59kDhLsugb8iS3Q==", "session"=>{"first_name"=>"éŽŒç”°", "last_name"=>"", "first_name_kana"=>"", "last_name_kana"=>"", "post_number"=>"120-0015", "prefecture_id"=>"13", "city"=>"è±Šå³¶åŒºåƒæ—©", "town"=>"ï¼’âˆ’ï¼“âˆ’ï¼’ï¼‘", "building"=>"", "phone_number"=>"08010202244"}}
  [1m[36mAddress Load (0.2ms)[0m  [1m[34mSELECT `addresses`.* FROM `addresses` WHERE `addresses`.`phone_number` = '08010202244'[0m
  [1m[36mTemporary Load (0.3ms)[0m  [1m[34mSELECT  `temporaries`.* FROM `temporaries` WHERE `temporaries`.`id` = 2 LIMIT 1[0m
  [1m[35m (0.1ms)[0m  [1m[35mBEGIN[0m
  [1m[35mSQL (0.4ms)[0m  [1m[33mUPDATE `temporaries` SET `post_number` = '1200015', `prefecture_id` = 13, `city` = 'è±Šå³¶åŒºåƒæ—©', `town` = 'ï¼’âˆ’ï¼“âˆ’ï¼’ï¼‘', `building` = '', `phone_number` = '08010202244', `updated_at` = '2019-11-03 07:26:53' WHERE `temporaries`.`id` = 2[0m
  [1m[35m (40.2ms)[0m  [1m[35mCOMMIT[0m
  [1m[35m (0.2ms)[0m  [1m[35mBEGIN[0m
  [1m[36mTemporary Exists (0.5ms)[0m  [1m[34mSELECT  1 AS one FROM `temporaries` WHERE `temporaries`.`phone_number` = BINARY '08010202244' AND (`temporaries`.`id` != 2) LIMIT 1[0m
  [1m[35m (0.1ms)[0m  [1m[35mCOMMIT[0m
  Rendering devise/registrations/address.html.haml within layouts/application
  Rendered users/_user_footer.html.haml (3.1ms)
  Rendered devise/registrations/address.html.haml within layouts/application (19.2ms)
Completed 200 OK in 155ms (Views: 90.8ms | ActiveRecord: 42.5ms)


Started POST "/signup/credit" for 127.0.0.1 at 2019-11-03 16:27:13 +0900
Processing by Users::RegistrationsController#credit as HTML
  Parameters: {"utf8"=>"âœ“", "authenticity_token"=>"d7FMrMzZFuueTZbzqSZLL0J79jB++CFkS0WNDZQgCKdFnsrYollH4jvEP/KZy4GO50gmfjgchGETw7+sVqIzzA==", "session"=>{"number"=>"1111111111111111", "exp_month"=>"1", "exp_year"=>"2019", "cvc"=>"090"}}
  Rendering devise/registrations/address.html.haml within layouts/application
  Rendered shared/_unique_error.html.haml (1.8ms)
  Rendered users/_user_footer.html.haml (3.0ms)
  Rendered devise/registrations/address.html.haml within layouts/application (21.3ms)
Completed 200 OK in 91ms (Views: 87.1ms | ActiveRecord: 0.0ms)


Started GET "/" for 127.0.0.1 at 2019-11-03 16:27:26 +0900
Processing by ItemsController#index as HTML
  [1m[36mCategory Load (0.3ms)[0m  [1m[34mSELECT `categories`.* FROM `categories` WHERE `categories`.`main_category_id` IS NULL AND `categories`.`sub_category_id` IS NULL[0m
  [1m[35m (0.2ms)[0m  [1m[34mSELECT SUM(`items`.`price`) FROM `items` WHERE `items`.`user_id` IS NULL AND `items`.`business_stats` = 3[0m
  Rendering items/index.html.haml within layouts/application
  Rendered shared/_category-drop-menu.html.haml (5.8ms)
  Rendered shared/_brand-drop-menu.html.haml (4.5ms)
  Rendered shared/_header.html.haml (20.8ms)
  [1m[36mItem Load (0.3ms)[0m  [1m[34mSELECT  `items`.* FROM `items` WHERE `items`.`brand_id` = 2447 AND (`items`.`business_stats` != 2) ORDER BY `items`.`id` DESC LIMIT 4[0m
  Rendered shared/_toppage_brand_items.html.haml (13.8ms)
  [1m[36mItem Load (0.2ms)[0m  [1m[34mSELECT  `items`.* FROM `items` WHERE `items`.`brand_id` = 3813 AND (`items`.`business_stats` != 2) ORDER BY `items`.`id` DESC LIMIT 4[0m
  Rendered shared/_toppage_brand_items.html.haml (0.8ms)
  [1m[36mItem Load (0.2ms)[0m  [1m[34mSELECT  `items`.* FROM `items` WHERE `items`.`brand_id` = 6155 AND (`items`.`business_stats` != 2) ORDER BY `items`.`id` DESC LIMIT 4[0m
  Rendered shared/_toppage_brand_items.html.haml (0.7ms)
  [1m[36mItem Load (0.2ms)[0m  [1m[34mSELECT  `items`.* FROM `items` WHERE `items`.`brand_id` = 8413 AND (`items`.`business_stats` != 2) ORDER BY `items`.`id` DESC LIMIT 4[0m
  Rendered shared/_toppage_brand_items.html.haml (0.8ms)
  Rendered items/_items.html.haml (30.0ms)
  Rendered shared/_sell-button.html.haml (3.2ms)
  Rendered shared/_footer.html.haml (11.1ms)
  Rendered items/index.html.haml within layouts/application (72.8ms)
Completed 200 OK in 126ms (Views: 118.7ms | ActiveRecord: 1.5ms)


Started GET "/" for 127.0.0.1 at 2019-11-03 16:27:29 +0900
Processing by ItemsController#index as HTML
  [1m[36mCategory Load (0.3ms)[0m  [1m[34mSELECT `categories`.* FROM `categories` WHERE `categories`.`main_category_id` IS NULL AND `categories`.`sub_category_id` IS NULL[0m
  [1m[35m (0.3ms)[0m  [1m[34mSELECT SUM(`items`.`price`) FROM `items` WHERE `items`.`user_id` IS NULL AND `items`.`business_stats` = 3[0m
  Rendering items/index.html.haml within layouts/application
  Rendered shared/_category-drop-menu.html.haml (5.2ms)
  Rendered shared/_brand-drop-menu.html.haml (5.8ms)
  Rendered shared/_header.html.haml (21.1ms)
  [1m[36mItem Load (0.3ms)[0m  [1m[34mSELECT  `items`.* FROM `items` WHERE `items`.`brand_id` = 2447 AND (`items`.`business_stats` != 2) ORDER BY `items`.`id` DESC LIMIT 4[0m
  Rendered shared/_toppage_brand_items.html.haml (5.5ms)
  [1m[36mItem Load (0.3ms)[0m  [1m[34mSELECT  `items`.* FROM `items` WHERE `items`.`brand_id` = 3813 AND (`items`.`business_stats` != 2) ORDER BY `items`.`id` DESC LIMIT 4[0m
  Rendered shared/_toppage_brand_items.html.haml (0.8ms)
  [1m[36mItem Load (0.2ms)[0m  [1m[34mSELECT  `items`.* FROM `items` WHERE `items`.`brand_id` = 6155 AND (`items`.`business_stats` != 2) ORDER BY `items`.`id` DESC LIMIT 4[0m
  Rendered shared/_toppage_brand_items.html.haml (0.7ms)
  [1m[36mItem Load (0.2ms)[0m  [1m[34mSELECT  `items`.* FROM `items` WHERE `items`.`brand_id` = 8413 AND (`items`.`business_stats` != 2) ORDER BY `items`.`id` DESC LIMIT 4[0m
  Rendered shared/_toppage_brand_items.html.haml (0.8ms)
  Rendered items/_items.html.haml (20.8ms)
  Rendered shared/_sell-button.html.haml (2.5ms)
  Rendered shared/_footer.html.haml (11.1ms)
  Rendered items/index.html.haml within layouts/application (63.0ms)
Completed 200 OK in 116ms (Views: 108.2ms | ActiveRecord: 1.7ms)


Started GET "/" for 127.0.0.1 at 2019-11-03 16:27:32 +0900
Processing by ItemsController#index as HTML
  [1m[36mCategory Load (0.4ms)[0m  [1m[34mSELECT `categories`.* FROM `categories` WHERE `categories`.`main_category_id` IS NULL AND `categories`.`sub_category_id` IS NULL[0m
  [1m[35m (0.3ms)[0m  [1m[34mSELECT SUM(`items`.`price`) FROM `items` WHERE `items`.`user_id` IS NULL AND `items`.`business_stats` = 3[0m
  Rendering items/index.html.haml within layouts/application
  Rendered shared/_category-drop-menu.html.haml (5.5ms)
  Rendered shared/_brand-drop-menu.html.haml (4.3ms)
  Rendered shared/_header.html.haml (21.4ms)
  [1m[36mItem Load (0.3ms)[0m  [1m[34mSELECT  `items`.* FROM `items` WHERE `items`.`brand_id` = 2447 AND (`items`.`business_stats` != 2) ORDER BY `items`.`id` DESC LIMIT 4[0m
  Rendered shared/_toppage_brand_items.html.haml (5.1ms)
  [1m[36mItem Load (0.3ms)[0m  [1m[34mSELECT  `items`.* FROM `items` WHERE `items`.`brand_id` = 3813 AND (`items`.`business_stats` != 2) ORDER BY `items`.`id` DESC LIMIT 4[0m
  Rendered shared/_toppage_brand_items.html.haml (0.8ms)
  [1m[36mItem Load (0.3ms)[0m  [1m[34mSELECT  `items`.* FROM `items` WHERE `items`.`brand_id` = 6155 AND (`items`.`business_stats` != 2) ORDER BY `items`.`id` DESC LIMIT 4[0m
  Rendered shared/_toppage_brand_items.html.haml (0.8ms)
  [1m[36mItem Load (0.2ms)[0m  [1m[34mSELECT  `items`.* FROM `items` WHERE `items`.`brand_id` = 8413 AND (`items`.`business_stats` != 2) ORDER BY `items`.`id` DESC LIMIT 4[0m
  Rendered shared/_toppage_brand_items.html.haml (0.8ms)
  Rendered items/_items.html.haml (22.8ms)
  Rendered shared/_sell-button.html.haml (2.6ms)
  Rendered shared/_footer.html.haml (11.3ms)
  Rendered items/index.html.haml within layouts/application (65.0ms)
Completed 200 OK in 120ms (Views: 112.1ms | ActiveRecord: 1.8ms)


Started GET "/" for 127.0.0.1 at 2019-11-03 16:36:40 +0900
Processing by ItemsController#index as HTML
  [1m[36mCategory Load (0.3ms)[0m  [1m[34mSELECT `categories`.* FROM `categories` WHERE `categories`.`main_category_id` IS NULL AND `categories`.`sub_category_id` IS NULL[0m
  [1m[35m (0.3ms)[0m  [1m[34mSELECT SUM(`items`.`price`) FROM `items` WHERE `items`.`user_id` IS NULL AND `items`.`business_stats` = 3[0m
  Rendering items/index.html.haml within layouts/application
  Rendered shared/_category-drop-menu.html.haml (4.9ms)
  Rendered shared/_brand-drop-menu.html.haml (4.2ms)
  Rendered shared/_header.html.haml (19.7ms)
  [1m[36mItem Load (0.3ms)[0m  [1m[34mSELECT  `items`.* FROM `items` WHERE `items`.`brand_id` = 2447 AND (`items`.`business_stats` != 2) ORDER BY `items`.`id` DESC LIMIT 4[0m
  Rendered shared/_toppage_brand_items.html.haml (5.9ms)
  [1m[36mItem Load (0.2ms)[0m  [1m[34mSELECT  `items`.* FROM `items` WHERE `items`.`brand_id` = 3813 AND (`items`.`business_stats` != 2) ORDER BY `items`.`id` DESC LIMIT 4[0m
  Rendered shared/_toppage_brand_items.html.haml (0.8ms)
  [1m[36mItem Load (0.2ms)[0m  [1m[34mSELECT  `items`.* FROM `items` WHERE `items`.`brand_id` = 6155 AND (`items`.`business_stats` != 2) ORDER BY `items`.`id` DESC LIMIT 4[0m
  Rendered shared/_toppage_brand_items.html.haml (0.7ms)
  [1m[36mItem Load (0.2ms)[0m  [1m[34mSELECT  `items`.* FROM `items` WHERE `items`.`brand_id` = 8413 AND (`items`.`business_stats` != 2) ORDER BY `items`.`id` DESC LIMIT 4[0m
  Rendered shared/_toppage_brand_items.html.haml (0.7ms)
  Rendered items/_items.html.haml (25.1ms)
  Rendered shared/_sell-button.html.haml (2.9ms)
  Rendered shared/_footer.html.haml (10.9ms)
  Rendered items/index.html.haml within layouts/application (66.6ms)
Completed 200 OK in 127ms (Views: 120.1ms | ActiveRecord: 1.6ms)


Started GET "/" for 127.0.0.1 at 2019-11-03 16:41:14 +0900
  [1m[36mActiveRecord::SchemaMigration Load (0.3ms)[0m  [1m[34mSELECT `schema_migrations`.* FROM `schema_migrations`[0m
Processing by ItemsController#index as HTML
  [1m[36mCategory Load (0.4ms)[0m  [1m[34mSELECT `categories`.* FROM `categories` WHERE `categories`.`main_category_id` IS NULL AND `categories`.`sub_category_id` IS NULL[0m
  [1m[35m (0.2ms)[0m  [1m[34mSELECT SUM(`items`.`price`) FROM `items` WHERE `items`.`user_id` IS NULL AND `items`.`business_stats` = 3[0m
  Rendering items/index.html.haml within layouts/application
  Rendered shared/_category-drop-menu.html.haml (5.0ms)
  Rendered shared/_brand-drop-menu.html.haml (4.0ms)
  Rendered shared/_header.html.haml (22.7ms)
  [1m[36mItem Load (0.4ms)[0m  [1m[34mSELECT  `items`.* FROM `items` WHERE `items`.`brand_id` = 2447 AND (`items`.`business_stats` != 2) ORDER BY `items`.`id` DESC LIMIT 4[0m
  Rendered shared/_toppage_brand_items.html.haml (18.8ms)
  [1m[36mItem Load (0.3ms)[0m  [1m[34mSELECT  `items`.* FROM `items` WHERE `items`.`brand_id` = 3813 AND (`items`.`business_stats` != 2) ORDER BY `items`.`id` DESC LIMIT 4[0m
  Rendered shared/_toppage_brand_items.html.haml (1.0ms)
  [1m[36mItem Load (0.3ms)[0m  [1m[34mSELECT  `items`.* FROM `items` WHERE `items`.`brand_id` = 6155 AND (`items`.`business_stats` != 2) ORDER BY `items`.`id` DESC LIMIT 4[0m
  Rendered shared/_toppage_brand_items.html.haml (2.0ms)
  [1m[36mItem Load (0.2ms)[0m  [1m[34mSELECT  `items`.* FROM `items` WHERE `items`.`brand_id` = 8413 AND (`items`.`business_stats` != 2) ORDER BY `items`.`id` DESC LIMIT 4[0m
  Rendered shared/_toppage_brand_items.html.haml (0.7ms)
  Rendered items/_items.html.haml (244.5ms)
  Rendered shared/_sell-button.html.haml (10.5ms)
  Rendered shared/_footer.html.haml (33.1ms)
  Rendered items/index.html.haml within layouts/application (329.9ms)
Completed 200 OK in 458ms (Views: 410.5ms | ActiveRecord: 2.7ms)


